<?xml version="1.0" encoding="UTF-8"?>
<!-- Generated by org.testng.reporters.JUnitReportReporter -->
<testsuite skipped="0" hostname="TYSS-MF-059" name="com.tikkle.scripts.VerifyLogin" tests="1" failures="0" timestamp="16 Oct 2017 06:46:57 GMT" time="34.775" errors="0">
  <testcase name="VerifyLoginScreen" time="34.775" classname="com.tikkle.scripts.VerifyLogin"/>
</testsuite> <!-- com.tikkle.scripts.VerifyLogin -->
