<?xml version="1.0" encoding="UTF-8"?>
<!-- Generated by org.testng.reporters.JUnitReportReporter -->
<testsuite skipped="0" hostname="TYSS-MF-059" name="com.tikkle.scripts.VerifyingLogout" tests="1" failures="0" timestamp="16 Oct 2017 06:46:57 GMT" time="27.278" errors="0">
  <testcase name="VerifySucessfullLogout" time="27.278" classname="com.tikkle.scripts.VerifyingLogout"/>
</testsuite> <!-- com.tikkle.scripts.VerifyingLogout -->
